2025-06-20 01:02:17,131 - INFO - Found 1 solution files to process
2025-06-20 01:02:17,133 - INFO - Processing poker_solutions\MTTGeneral_ICM8m200PTSTART\depth_200_125\preflop\no_actions\UTG\hero_UTG_0.json
2025-06-20 01:02:22,732 - INFO - Created visualization for A4s (As, 4s) - Best action: R2.1, EV: 0.010100
2025-06-20 01:02:28,191 - INFO - Created visualization for A7s (As, 7s) - Best action: R2.1, EV: 0.010580
2025-06-20 01:02:33,603 - INFO - Created visualization for AQo (Ah, Qd) - Best action: R2.1, EV: 0.012310
2025-06-20 01:02:38,961 - INFO - Created visualization for A8s (As, 8s) - Best action: R2.1, EV: 0.013790
2025-06-20 01:02:44,240 - INFO - Created visualization for 66 (6h, 6s) - Best action: R2.1, EV: 0.013970
2025-06-20 01:02:49,503 - INFO - Created visualization for QTs (Qs, Ts) - Best action: R2.1, EV: 0.014270
2025-06-20 01:02:54,809 - INFO - Created visualization for A5s (As, 5s) - Best action: R2.1, EV: 0.015400
2025-06-20 01:03:00,102 - INFO - Created visualization for QJs (Qs, Js) - Best action: R2.1, EV: 0.016160
2025-06-20 01:03:05,414 - INFO - Created visualization for A9s (As, 9s) - Best action: R2.1, EV: 0.016980
2025-06-20 01:03:10,876 - INFO - Created visualization for JTs (Js, Ts) - Best action: R2.1, EV: 0.018070
2025-06-20 01:03:16,156 - INFO - Created visualization for KTs (Ks, Ts) - Best action: R2.1, EV: 0.018150
2025-06-20 01:03:21,500 - INFO - Created visualization for KJs (Ks, Js) - Best action: R2.1, EV: 0.020090
2025-06-20 01:03:26,770 - INFO - Created visualization for 77 (7h, 7s) - Best action: R2.1, EV: 0.021570
2025-06-20 01:03:32,147 - INFO - Created visualization for 88 (8h, 8s) - Best action: R2.1, EV: 0.027440
2025-06-20 01:03:37,531 - INFO - Created visualization for KQs (Ks, Qs) - Best action: R2.1, EV: 0.027870
2025-06-20 01:03:42,789 - INFO - Created visualization for ATs (As, Ts) - Best action: R2.1, EV: 0.033600
2025-06-20 01:03:48,092 - INFO - Created visualization for 99 (9h, 9s) - Best action: R2.1, EV: 0.038470
2025-06-20 01:03:53,482 - INFO - Created visualization for AJs (As, Js) - Best action: R2.1, EV: 0.041590
2025-06-20 01:03:58,784 - INFO - Created visualization for AKo (Ah, Kd) - Best action: R2.1, EV: 0.043390
2025-06-20 01:03:58,789 - INFO - 
Processing complete!
2025-06-20 01:03:58,790 - INFO - Total files: 1
2025-06-20 01:03:58,790 - INFO - Processed files: 1
2025-06-20 01:03:58,790 - INFO - Skipped files: 0
2025-06-20 01:03:58,790 - INFO - Total hands: 169
2025-06-20 01:03:58,790 - INFO - Filtered hands: 19
2025-06-20 01:03:58,790 - INFO - Visualizations saved to: visualizations
2025-06-20 02:09:26,901 - INFO - Found 1 solution files to process
2025-06-20 02:09:26,902 - INFO - Processing poker_solutions\MTTGeneral_ICM8m200PTSTART\depth_200_125\preflop\no_actions\UTG\hero_UTG_0.json
2025-06-20 02:09:32,269 - INFO - Created visualization for A4s (As, 4s) - Best action: R2.1, EV: 0.010100
2025-06-20 02:09:37,582 - INFO - Created visualization for A7s (As, 7s) - Best action: R2.1, EV: 0.010580
2025-06-20 02:09:42,807 - INFO - Created visualization for AQo (Ah, Qd) - Best action: R2.1, EV: 0.012310
2025-06-20 02:09:47,989 - INFO - Created visualization for A8s (As, 8s) - Best action: R2.1, EV: 0.013790
2025-06-20 02:09:53,141 - INFO - Created visualization for 66 (6h, 6s) - Best action: R2.1, EV: 0.013970
2025-06-20 02:09:58,360 - INFO - Created visualization for QTs (Qs, Ts) - Best action: R2.1, EV: 0.014270
2025-06-20 02:10:03,585 - INFO - Created visualization for A5s (As, 5s) - Best action: R2.1, EV: 0.015400
2025-06-20 10:51:50,585 - INFO - Found 1 solution files to process
2025-06-20 10:51:50,586 - INFO - Processing poker_solutions\MTTGeneral_ICM8m200PTSTART\depth_200_125\preflop\no_actions\UTG\hero_UTG_0.json
2025-06-20 10:51:55,894 - INFO - Created visualization for A4s (As, 4s) - Best action: R2.1, EV: 0.010100
2025-06-20 10:52:01,063 - INFO - Created visualization for A7s (As, 7s) - Best action: R2.1, EV: 0.010580
2025-06-20 10:52:06,263 - INFO - Created visualization for AQo (Ah, Qd) - Best action: R2.1, EV: 0.012310
2025-06-20 10:52:11,381 - INFO - Created visualization for A8s (As, 8s) - Best action: R2.1, EV: 0.013790
2025-06-20 10:56:39,405 - INFO - Found 1 solution files to process
2025-06-20 10:56:39,406 - INFO - Processing poker_solutions\MTTGeneral_ICM8m200PTSTART\depth_200_125\preflop\no_actions\UTG\hero_UTG_0.json
2025-06-20 10:56:44,577 - INFO - Created visualization for A4s (As, 4s) - Best action: R2.1, EV: 0.010100
2025-06-20 10:59:32,118 - INFO - Found 1 solution files to process
2025-06-20 10:59:32,118 - INFO - Processing poker_solutions\MTTGeneral_ICM8m200PTSTART\depth_200_125\preflop\no_actions\UTG\hero_UTG_0.json
2025-06-20 10:59:37,254 - INFO - Created visualization for A4s (As, 4s) - Best action: R2.1, EV: 0.010100
2025-06-20 10:59:42,338 - INFO - Created visualization for A7s (As, 7s) - Best action: R2.1, EV: 0.010580
2025-06-20 11:10:39,098 - INFO - Found 1 solution files to process
2025-06-20 11:10:39,099 - INFO - Processing poker_solutions\MTTGeneral_ICM8m200PTSTART\depth_200_125\preflop\no_actions\UTG\hero_UTG_0.json
2025-06-20 11:10:44,414 - INFO - Created visualization for A4s (As, 4s) - Best action: R2.1, EV: 0.010100
2025-06-20 11:10:49,586 - INFO - Created visualization for A7s (As, 7s) - Best action: R2.1, EV: 0.010580
2025-06-20 11:12:26,284 - INFO - Found 1 solution files to process
2025-06-20 11:12:26,284 - INFO - Processing poker_solutions\MTTGeneral_ICM8m200PTSTART\depth_200_125\preflop\no_actions\UTG\hero_UTG_0.json
2025-06-20 11:12:31,519 - INFO - Created visualization for A4s (As, 4s) - Best action: R2.1, EV: 0.010100
2025-06-20 11:12:36,895 - INFO - Created visualization for A7s (As, 7s) - Best action: R2.1, EV: 0.010580
2025-06-20 11:12:42,053 - INFO - Created visualization for AQo (Ah, Qd) - Best action: R2.1, EV: 0.012310
2025-06-20 11:12:47,205 - INFO - Created visualization for A8s (As, 8s) - Best action: R2.1, EV: 0.013790
2025-06-20 11:13:20,287 - INFO - Found 1 solution files to process
2025-06-20 11:13:20,288 - INFO - Processing poker_solutions\MTTGeneral_ICM8m200PTSTART\depth_200_125\preflop\no_actions\UTG\hero_UTG_0.json
2025-06-20 11:13:25,853 - INFO - Created visualization for A4s (As, 4s) - Best action: R2.1, EV: 0.010100
2025-06-20 11:13:31,366 - INFO - Created visualization for A7s (As, 7s) - Best action: R2.1, EV: 0.010580
2025-06-20 12:14:29,906 - INFO - Found 1 solution files to process
2025-06-20 12:14:29,906 - INFO - Processing poker_solutions\MTTGeneral_ICM8m200PTSTART\depth_200_125\preflop\no_actions\UTG\hero_UTG_0.json
2025-06-20 12:14:34,907 - INFO - Created visualization for A4s (As, 4s) - Best action: R2.1, EV: 0.010100
2025-06-20 12:14:52,710 - INFO - Found 1 solution files to process
2025-06-20 12:14:52,711 - INFO - Processing poker_solutions\MTTGeneral_ICM8m200PTSTART\depth_200_125\preflop\no_actions\UTG\hero_UTG_0.json
2025-06-20 12:14:57,862 - INFO - Created visualization for A4s (As, 4s) - Best action: R2.1, EV: 0.010100
2025-06-20 12:15:02,767 - INFO - Created visualization for A7s (As, 7s) - Best action: R2.1, EV: 0.010580
2025-06-20 12:17:27,025 - INFO - Found 1 solution files to process
2025-06-20 12:17:27,025 - INFO - Processing poker_solutions\MTTGeneral_ICM8m200PTSTART\depth_200_125\preflop\no_actions\UTG\hero_UTG_0.json
2025-06-20 12:17:32,084 - INFO - Created visualization for A4s (As, 4s) - Best action: R2.1, EV: 0.010100
2025-06-20 12:17:36,975 - INFO - Created visualization for A7s (As, 7s) - Best action: R2.1, EV: 0.010580
2025-06-20 12:17:41,863 - INFO - Created visualization for AQo (Ah, Qd) - Best action: R2.1, EV: 0.012310
2025-06-20 12:20:52,447 - INFO - Found 1 solution files to process
2025-06-20 12:20:52,448 - INFO - Processing poker_solutions\MTTGeneral_ICM8m200PTSTART\depth_200_125\preflop\no_actions\UTG\hero_UTG_0.json
2025-06-20 12:20:57,793 - INFO - Created visualization for A4s (As, 4s) - Best action: R2.1, EV: 0.010100
2025-06-20 12:21:02,836 - INFO - Created visualization for A7s (As, 7s) - Best action: R2.1, EV: 0.010580
2025-06-20 12:27:34,541 - INFO - Found 1 solution files to process
2025-06-20 12:27:34,542 - INFO - Processing poker_solutions\MTTGeneral_ICM8m200PTSTART\depth_200_125\preflop\no_actions\UTG\hero_UTG_0.json
2025-06-20 12:27:39,785 - INFO - Created visualization for A4s (As, 4s) - Best action: R2.1, EV: 0.010100
2025-06-20 12:27:44,900 - INFO - Created visualization for A7s (As, 7s) - Best action: R2.1, EV: 0.010580
2025-06-20 12:29:17,626 - INFO - Found 1 solution files to process
2025-06-20 12:29:17,627 - INFO - Processing poker_solutions\MTTGeneral_ICM8m200PTSTART\depth_200_125\preflop\no_actions\UTG\hero_UTG_0.json
2025-06-20 12:29:23,436 - INFO - Created visualization for A4s (As, 4s) - Best action: R2.1, EV: 0.010100
2025-06-20 12:33:19,119 - INFO - Found 1 solution files to process
2025-06-20 12:33:19,120 - INFO - Processing poker_solutions\MTTGeneral_ICM8m200PTSTART\depth_200_125\preflop\no_actions\UTG\hero_UTG_0.json
2025-06-20 12:33:24,294 - INFO - Created visualization for A4s (As, 4s) - Best action: R2.1, EV: 0.010100
2025-06-20 13:34:12,946 - INFO - Found 1 solution files to process
2025-06-20 13:34:12,947 - INFO - Processing poker_solutions\MTTGeneral_ICM8m200PTSTART\depth_200_125\preflop\no_actions\UTG\hero_UTG_0.json
2025-06-20 13:34:19,123 - INFO - Created visualization for A4s (As, 4s) - Best action: R2.1, EV: 0.010100
2025-06-20 13:34:25,422 - INFO - Created visualization for A7s (As, 7s) - Best action: R2.1, EV: 0.010580
2025-06-20 13:38:06,779 - INFO - Found 1 solution files to process
2025-06-20 13:38:06,780 - INFO - Processing poker_solutions\MTTGeneral_ICM8m200PTSTART\depth_200_125\preflop\no_actions\UTG\hero_UTG_0.json
2025-06-20 13:38:15,056 - INFO - Created visualization for A4s (As, 4s) - Best action: R2.1, EV: 0.010100
2025-06-20 13:38:39,014 - INFO - Found 1 solution files to process
2025-06-20 13:38:39,014 - INFO - Processing poker_solutions\MTTGeneral_ICM8m200PTSTART\depth_200_125\preflop\no_actions\UTG\hero_UTG_0.json
2025-06-20 13:38:46,043 - INFO - Created visualization for A4s (As, 4s) - Best action: R2.1, EV: 0.010100
2025-06-20 13:42:05,856 - INFO - Found 1 solution files to process
2025-06-20 13:42:05,856 - INFO - Processing poker_solutions\MTTGeneral_ICM8m200PTSTART\depth_200_125\preflop\no_actions\UTG\hero_UTG_0.json
2025-06-20 13:42:12,621 - INFO - Created visualization for A4s (As, 4s) - Best action: R2.1, EV: 0.010100
2025-06-20 13:43:38,375 - INFO - Found 1 solution files to process
2025-06-20 13:43:38,376 - INFO - Processing poker_solutions\MTTGeneral_ICM8m200PTSTART\depth_200_125\preflop\no_actions\UTG\hero_UTG_0.json
2025-06-20 13:43:44,994 - INFO - Created visualization for A4s (As, 4s) - Best action: R2.1, EV: 0.010100
2025-06-20 13:45:36,017 - INFO - Found 1 solution files to process
2025-06-20 13:45:36,018 - INFO - Processing poker_solutions\MTTGeneral_ICM8m200PTSTART\depth_200_125\preflop\no_actions\UTG\hero_UTG_0.json
2025-06-20 13:45:42,695 - INFO - Created visualization for A4s (As, 4s) - Best action: R2.1, EV: 0.010100
2025-06-20 13:46:55,306 - INFO - Found 1 solution files to process
2025-06-20 13:46:55,307 - INFO - Processing poker_solutions\MTTGeneral_ICM8m200PTSTART\depth_200_125\preflop\no_actions\UTG\hero_UTG_0.json
2025-06-20 13:47:01,949 - INFO - Created visualization for A4s (As, 4s) - Best action: R2.1, EV: 0.010100
2025-06-20 13:48:10,980 - INFO - Found 1 solution files to process
2025-06-20 13:48:10,980 - INFO - Processing poker_solutions\MTTGeneral_ICM8m200PTSTART\depth_200_125\preflop\no_actions\UTG\hero_UTG_0.json
2025-06-20 13:48:17,686 - INFO - Created visualization for A4s (As, 4s) - Best action: R2.1, EV: 0.010100
2025-06-20 13:49:21,695 - INFO - Found 1 solution files to process
2025-06-20 13:49:21,695 - INFO - Processing poker_solutions\MTTGeneral_ICM8m200PTSTART\depth_200_125\preflop\no_actions\UTG\hero_UTG_0.json
2025-06-20 13:49:28,618 - INFO - Created visualization for A4s (As, 4s) - Best action: R2.1, EV: 0.010100
2025-06-20 13:49:45,072 - INFO - Found 1 solution files to process
2025-06-20 13:49:45,073 - INFO - Processing poker_solutions\MTTGeneral_ICM8m200PTSTART\depth_200_125\preflop\no_actions\UTG\hero_UTG_0.json
2025-06-20 13:49:51,853 - INFO - Created visualization for A4s (As, 4s) - Best action: R2.1, EV: 0.010100
2025-06-20 13:51:26,731 - INFO - Found 1 solution files to process
2025-06-20 13:51:26,732 - INFO - Processing poker_solutions\MTTGeneral_ICM8m200PTSTART\depth_200_125\preflop\no_actions\UTG\hero_UTG_0.json
2025-06-20 13:51:33,587 - INFO - Created visualization for A4s (As, 4s) - Best action: R2.1, EV: 0.010100
2025-06-20 13:52:55,916 - INFO - Found 1 solution files to process
2025-06-20 13:52:55,917 - INFO - Processing poker_solutions\MTTGeneral_ICM8m200PTSTART\depth_200_125\preflop\no_actions\UTG\hero_UTG_0.json
2025-06-20 13:53:02,572 - INFO - Created visualization for A4s (As, 4s) - Best action: R2.1, EV: 0.010100
2025-06-20 13:53:19,023 - INFO - Found 1 solution files to process
2025-06-20 13:53:19,024 - INFO - Processing poker_solutions\MTTGeneral_ICM8m200PTSTART\depth_200_125\preflop\no_actions\UTG\hero_UTG_0.json
2025-06-20 13:53:25,687 - INFO - Created visualization for A4s (As, 4s) - Best action: R2.1, EV: 0.010100
2025-06-20 14:02:03,212 - INFO - Found 1 solution files to process
2025-06-20 14:02:03,213 - INFO - Processing poker_solutions\MTTGeneral_ICM8m200PTSTART\depth_200_125\preflop\no_actions\UTG\hero_UTG_0.json
2025-06-20 14:02:11,266 - INFO - Created visualization for A4s (As, 4s) - Best action: R2.1, EV: 0.010100
2025-06-20 14:03:35,466 - INFO - Found 1 solution files to process
2025-06-20 14:03:35,467 - INFO - Processing poker_solutions\MTTGeneral_ICM8m200PTSTART\depth_200_125\preflop\no_actions\UTG\hero_UTG_0.json
2025-06-20 14:03:42,273 - INFO - Created visualization for A4s (As, 4s) - Best action: R2.1, EV: 0.010100
2025-06-20 14:04:11,611 - INFO - Found 1 solution files to process
2025-06-20 14:04:11,611 - INFO - Processing poker_solutions\MTTGeneral_ICM8m200PTSTART\depth_200_125\preflop\no_actions\UTG\hero_UTG_0.json
2025-06-20 14:04:18,482 - INFO - Created visualization for A4s (As, 4s) - Best action: R2.1, EV: 0.010100
2025-06-20 14:05:04,917 - INFO - Found 1 solution files to process
2025-06-20 14:05:04,918 - INFO - Processing poker_solutions\MTTGeneral_ICM8m200PTSTART\depth_200_125\preflop\no_actions\UTG\hero_UTG_0.json
2025-06-20 14:05:11,803 - INFO - Created visualization for A4s (As, 4s) - Best action: R2.1, EV: 0.010100
2025-06-20 14:05:25,148 - INFO - Found 1 solution files to process
2025-06-20 14:05:25,149 - INFO - Processing poker_solutions\MTTGeneral_ICM8m200PTSTART\depth_200_125\preflop\no_actions\UTG\hero_UTG_0.json
2025-06-20 14:05:31,927 - INFO - Created visualization for A4s (As, 4s) - Best action: R2.1, EV: 0.010100
2025-06-20 14:12:30,660 - INFO - Found 1 solution files to process
2025-06-20 14:12:30,661 - INFO - Processing poker_solutions\MTTGeneral_ICM8m200PTSTART\depth_200_125\preflop\no_actions\UTG\hero_UTG_0.json
2025-06-20 14:12:35,674 - ERROR - Error processing poker_solutions\MTTGeneral_ICM8m200PTSTART\depth_200_125\preflop\no_actions\UTG\hero_UTG_0.json: list index out of range
Traceback (most recent call last):
  File "C:\Users\lucas\Documents\Poker\drills-creator\batch_visualizer.py", line 240, in process_solution_file
    visualizer.create_visualization()
    ~~~~~~~~~~~~~~~~~~~~~~~~~~~~~~~^^
  File "C:\Users\lucas\Documents\Poker\drills-creator\poker_viz\poker_table_visualizer.py", line 110, in create_visualization
    self.player_drawer.draw_player_circles()
    ~~~~~~~~~~~~~~~~~~~~~~~~~~~~~~~~~~~~~~^^
  File "C:\Users\lucas\Documents\Poker\drills-creator\poker_viz\player_drawer.py", line 102, in draw_player_circles
    x, y = self.config.seat_positions[seat_index]
           ~~~~~~~~~~~~~~~~~~~~~~~~~~^^^^^^^^^^^^
IndexError: list index out of range
2025-06-20 14:12:35,678 - INFO - 
Processing complete!
2025-06-20 14:12:35,678 - INFO - Total files: 1
2025-06-20 14:12:35,678 - INFO - Processed files: 0
2025-06-20 14:12:35,678 - INFO - Skipped files: 1
2025-06-20 14:12:35,679 - INFO - Total hands: 169
2025-06-20 14:12:35,679 - INFO - Filtered hands: 19
2025-06-20 14:12:35,679 - INFO - Visualizations saved to: visualizations
2025-06-20 14:17:07,267 - INFO - Found 1 solution files to process
2025-06-20 14:17:07,268 - INFO - Processing poker_solutions\MTTGeneral_ICM8m200PTSTART\depth_200_125\preflop\no_actions\UTG\hero_UTG_0.json
2025-06-20 14:17:12,332 - ERROR - Error processing poker_solutions\MTTGeneral_ICM8m200PTSTART\depth_200_125\preflop\no_actions\UTG\hero_UTG_0.json: list index out of range
Traceback (most recent call last):
  File "C:\Users\lucas\Documents\Poker\drills-creator\batch_visualizer.py", line 240, in process_solution_file
    visualizer.create_visualization()
    ~~~~~~~~~~~~~~~~~~~~~~~~~~~~~~~^^
  File "C:\Users\lucas\Documents\Poker\drills-creator\poker_viz\poker_table_visualizer.py", line 120, in create_visualization
    other_cards_img, other_cards_draw = self.card_drawer.draw_player_cards()
                                        ~~~~~~~~~~~~~~~~~~~~~~~~~~~~~~~~~~^^
  File "C:\Users\lucas\Documents\Poker\drills-creator\poker_viz\card_drawer.py", line 413, in draw_player_cards
    player_x, player_y = self.config.seat_positions[seat_index]
                         ~~~~~~~~~~~~~~~~~~~~~~~~~~^^^^^^^^^^^^
IndexError: list index out of range
2025-06-20 14:17:12,335 - INFO - 
Processing complete!
2025-06-20 14:17:12,335 - INFO - Total files: 1
2025-06-20 14:17:12,335 - INFO - Processed files: 0
2025-06-20 14:17:12,335 - INFO - Skipped files: 1
2025-06-20 14:17:12,335 - INFO - Total hands: 169
2025-06-20 14:17:12,335 - INFO - Filtered hands: 19
2025-06-20 14:17:12,336 - INFO - Visualizations saved to: visualizations
2025-06-20 14:22:34,410 - INFO - Found 1 solution files to process
2025-06-20 14:22:34,411 - INFO - Processing poker_solutions\MTTGeneral_ICM8m200PTSTART\depth_200_125\preflop\no_actions\UTG\hero_UTG_0.json
2025-06-20 14:22:40,829 - ERROR - Error processing poker_solutions\MTTGeneral_ICM8m200PTSTART\depth_200_125\preflop\no_actions\UTG\hero_UTG_0.json: list index out of range
Traceback (most recent call last):
  File "C:\Users\lucas\Documents\Poker\drills-creator\batch_visualizer.py", line 240, in process_solution_file
    visualizer.create_visualization()
    ~~~~~~~~~~~~~~~~~~~~~~~~~~~~~~~^^
  File "C:\Users\lucas\Documents\Poker\drills-creator\poker_viz\poker_table_visualizer.py", line 146, in create_visualization
    chips_img, chips_draw = self.chip_drawer.draw_player_chips()
                            ~~~~~~~~~~~~~~~~~~~~~~~~~~~~~~~~~~^^
  File "C:\Users\lucas\Documents\Poker\drills-creator\poker_viz\chip_drawer.py", line 63, in draw_player_chips
    x, y = self.config.seat_positions[seat_index]
           ~~~~~~~~~~~~~~~~~~~~~~~~~~^^^^^^^^^^^^
IndexError: list index out of range
2025-06-20 14:22:40,835 - INFO - 
Processing complete!
2025-06-20 14:22:40,836 - INFO - Total files: 1
2025-06-20 14:22:40,836 - INFO - Processed files: 0
2025-06-20 14:22:40,836 - INFO - Skipped files: 1
2025-06-20 14:22:40,836 - INFO - Total hands: 169
2025-06-20 14:22:40,837 - INFO - Filtered hands: 19
2025-06-20 14:22:40,837 - INFO - Visualizations saved to: visualizations
2025-06-20 14:23:33,317 - INFO - Found 1 solution files to process
2025-06-20 14:23:33,317 - INFO - Processing poker_solutions\MTTGeneral_ICM8m200PTSTART\depth_200_125\preflop\no_actions\UTG\hero_UTG_0.json
2025-06-20 14:23:39,709 - ERROR - Error processing poker_solutions\MTTGeneral_ICM8m200PTSTART\depth_200_125\preflop\no_actions\UTG\hero_UTG_0.json: Position 'BB' not found in seat mapping. Cannot draw chips.
Traceback (most recent call last):
  File "C:\Users\lucas\Documents\Poker\drills-creator\batch_visualizer.py", line 240, in process_solution_file
    visualizer.create_visualization()
    ~~~~~~~~~~~~~~~~~~~~~~~~~~~~~~~^^
  File "C:\Users\lucas\Documents\Poker\drills-creator\poker_viz\poker_table_visualizer.py", line 146, in create_visualization
    chips_img, chips_draw = self.chip_drawer.draw_player_chips()
                            ~~~~~~~~~~~~~~~~~~~~~~~~~~~~~~~~~~^^
  File "C:\Users\lucas\Documents\Poker\drills-creator\poker_viz\chip_drawer.py", line 59, in draw_player_chips
    raise ValueError(
        f"Position '{position}' not found in seat mapping. Cannot draw chips."
    )
ValueError: Position 'BB' not found in seat mapping. Cannot draw chips.
2025-06-20 14:23:39,716 - INFO - 
Processing complete!
2025-06-20 14:23:39,716 - INFO - Total files: 1
2025-06-20 14:23:39,716 - INFO - Processed files: 0
2025-06-20 14:23:39,717 - INFO - Skipped files: 1
2025-06-20 14:23:39,717 - INFO - Total hands: 169
2025-06-20 14:23:39,717 - INFO - Filtered hands: 19
2025-06-20 14:23:39,717 - INFO - Visualizations saved to: visualizations
2025-06-20 14:25:06,910 - INFO - Found 1 solution files to process
2025-06-20 14:25:06,911 - INFO - Processing poker_solutions\MTTGeneral_ICM8m200PTSTART\depth_200_125\preflop\no_actions\UTG\hero_UTG_0.json
2025-06-20 14:25:13,711 - INFO - Created visualization for A4s (As, 4s) - Best action: R2.1, EV: 0.010100
2025-06-20 14:25:20,374 - INFO - Created visualization for A7s (As, 7s) - Best action: R2.1, EV: 0.010580
2025-06-20 14:29:20,627 - INFO - Found 1 solution files to process
2025-06-20 14:29:20,627 - INFO - Processing poker_solutions\MTTGeneral_ICM8m200PTSTART\depth_200_125\preflop\no_actions\UTG\hero_UTG_0.json
2025-06-20 14:29:28,342 - INFO - Created visualization for A4s (As, 4s) - Best action: R2.1, EV: 0.010100
